# JRE version: OpenJDK Runtime Environment (8.0_191-b12) (build 1.8.0_191-8u191-b12-2ubuntu0.18.04.1-b12)
# Java VM: OpenJDK 64-Bit Server VM (25.191-b12 mixed mode linux-amd64 compressed oops)
Heap:
 PSYoungGen      total 359936K, used 173096K [0x00000000d7300000, 0x00000000faf80000, 0x0000000100000000)
  eden space 140800K, 0% used [0x00000000d7300000,0x00000000d7300000,0x00000000dfc80000)
  from space 219136K, 78% used [0x00000000ed980000,0x00000000f828a268,0x00000000faf80000)
  to   space 222720K, 0% used [0x00000000dfc80000,0x00000000dfc80000,0x00000000ed600000)
 ParOldGen       total 737280K, used 737226K [0x0000000085800000, 0x00000000b2800000, 0x00000000d7300000)
  object space 737280K, 99% used [0x0000000085800000,0x00000000b27f2b08,0x00000000b2800000)
 Metaspace       used 4444K, capacity 5094K, committed 5248K, reserved 1056768K
  class space    used 502K, capacity 531K, committed 640K, reserved 1048576K
GC Heap History (10 events):
Event: 60.222 GC heap after
Heap after GC invocations=12 (full 3):
 PSYoungGen      total 285696K, used 204288K [0x00000000d7300000, 0x00000000f9000000, 0x0000000100000000)
  eden space 81408K, 0% used [0x00000000d7300000,0x00000000d7300000,0x00000000dc280000)
  from space 204288K, 100% used [0x00000000dc280000,0x00000000e8a00000,0x00000000e8a00000)
  to   space 222720K, 0% used [0x00000000eb680000,0x00000000eb680000,0x00000000f9000000)
 ParOldGen       total 487424K, used 408371K [0x0000000085800000, 0x00000000a3400000, 0x00000000d7300000)
  object space 487424K, 83% used [0x0000000085800000,0x000000009e6ccd50,0x00000000a3400000)
 Metaspace       used 4444K, capacity 5094K, committed 5248K, reserved 1056768K
  class space    used 502K, capacity 531K, committed 640K, reserved 1048576K
}
Event: 60.222 GC heap before
{Heap before GC invocations=13 (full 4):
 PSYoungGen      total 285696K, used 204288K [0x00000000d7300000, 0x00000000f9000000, 0x0000000100000000)
  eden space 81408K, 0% used [0x00000000d7300000,0x00000000d7300000,0x00000000dc280000)
  from space 204288K, 100% used [0x00000000dc280000,0x00000000e8a00000,0x00000000e8a00000)
  to   space 222720K, 0% used [0x00000000eb680000,0x00000000eb680000,0x00000000f9000000)
 ParOldGen       total 487424K, used 408371K [0x0000000085800000, 0x00000000a3400000, 0x00000000d7300000)
  object space 487424K, 83% used [0x0000000085800000,0x000000009e6ccd50,0x00000000a3400000)
 Metaspace       used 4444K, capacity 5094K, committed 5248K, reserved 1056768K
  class space    used 502K, capacity 531K, committed 640K, reserved 1048576K
Event: 67.547 GC heap after
Heap after GC invocations=13 (full 4):
 PSYoungGen      total 285696K, used 124778K [0x00000000d7300000, 0x00000000f9000000, 0x0000000100000000)
  eden space 81408K, 0% used [0x00000000d7300000,0x00000000d7300000,0x00000000dc280000)
  from space 204288K, 61% used [0x00000000dc280000,0x00000000e3c5a840,0x00000000e8a00000)
  to   space 222720K, 0% used [0x00000000eb680000,0x00000000eb680000,0x00000000f9000000)
 ParOldGen       total 737280K, used 487053K [0x0000000085800000, 0x00000000b2800000, 0x00000000d7300000)
  object space 737280K, 66% used [0x0000000085800000,0x00000000a33a3528,0x00000000b2800000)
 Metaspace       used 4444K, capacity 5094K, committed 5248K, reserved 1056768K
  class space    used 502K, capacity 531K, committed 640K, reserved 1048576K
}
Event: 69.118 GC heap before
{Heap before GC invocations=14 (full 4):
 PSYoungGen      total 285696K, used 206186K [0x00000000d7300000, 0x00000000f9000000, 0x0000000100000000)
  eden space 81408K, 100% used [0x00000000d7300000,0x00000000dc280000,0x00000000dc280000)
  from space 204288K, 61% used [0x00000000dc280000,0x00000000e3c5a840,0x00000000e8a00000)
  to   space 222720K, 0% used [0x00000000eb680000,0x00000000eb680000,0x00000000f9000000)
 ParOldGen       total 737280K, used 487053K [0x0000000085800000, 0x00000000b2800000, 0x00000000d7300000)
  object space 737280K, 66% used [0x0000000085800000,0x00000000a33a3528,0x00000000b2800000)
 Metaspace       used 4444K, capacity 5094K, committed 5248K, reserved 1056768K
  class space    used 502K, capacity 531K, committed 640K, reserved 1048576K
Event: 80.833 GC heap after
Heap after GC invocations=14 (full 4):
 PSYoungGen      total 331264K, used 206464K [0x00000000d7300000, 0x00000000f9080000, 0x0000000100000000)
  eden space 108544K, 0% used [0x00000000d7300000,0x00000000d7300000,0x00000000ddd00000)
  from space 222720K, 92% used [0x00000000eb680000,0x00000000f8020000,0x00000000f9000000)
  to   space 222720K, 0% used [0x00000000ddd00000,0x00000000ddd00000,0x00000000eb680000)
 ParOldGen       total 737280K, used 487053K [0x0000000085800000, 0x00000000b2800000, 0x00000000d7300000)
  object space 737280K, 66% used [0x0000000085800000,0x00000000a33a3528,0x00000000b2800000)
 Metaspace       used 4444K, capacity 5094K, committed 5248K, reserved 1056768K
  class space    used 502K, capacity 531K, committed 640K, reserved 1048576K
}
Event: 90.262 GC heap before
{Heap before GC invocations=15 (full 4):
 PSYoungGen      total 331264K, used 315008K [0x00000000d7300000, 0x00000000f9080000, 0x0000000100000000)
  eden space 108544K, 100% used [0x00000000d7300000,0x00000000ddd00000,0x00000000ddd00000)
  from space 222720K, 92% used [0x00000000eb680000,0x00000000f8020000,0x00000000f9000000)
  to   space 222720K, 0% used [0x00000000ddd00000,0x00000000ddd00000,0x00000000eb680000)
 ParOldGen       total 737280K, used 487053K [0x0000000085800000, 0x00000000b2800000, 0x00000000d7300000)
  object space 737280K, 66% used [0x0000000085800000,0x00000000a33a3528,0x00000000b2800000)
 Metaspace       used 4444K, capacity 5094K, committed 5248K, reserved 1056768K
  class space    used 502K, capacity 531K, committed 640K, reserved 1048576K
Event: 113.584 GC heap after
Heap after GC invocations=15 (full 4):
 PSYoungGen      total 331264K, used 192480K [0x00000000d7300000, 0x00000000fb300000, 0x0000000100000000)
  eden space 108544K, 0% used [0x00000000d7300000,0x00000000d7300000,0x00000000ddd00000)
  from space 222720K, 86% used [0x00000000ddd00000,0x00000000e98f8000,0x00000000eb680000)
  to   space 222720K, 0% used [0x00000000ed980000,0x00000000ed980000,0x00000000fb300000)
 ParOldGen       total 737280K, used 610045K [0x0000000085800000, 0x00000000b2800000, 0x00000000d7300000)
  object space 737280K, 82% used [0x0000000085800000,0x00000000aabbf528,0x00000000b2800000)
 Metaspace       used 4444K, capacity 5094K, committed 5248K, reserved 1056768K
  class space    used 502K, capacity 531K, committed 640K, reserved 1048576K
}
Event: 116.189 GC heap before
{Heap before GC invocations=16 (full 4):
 PSYoungGen      total 331264K, used 301024K [0x00000000d7300000, 0x00000000fb300000, 0x0000000100000000)
  eden space 108544K, 100% used [0x00000000d7300000,0x00000000ddd00000,0x00000000ddd00000)
  from space 222720K, 86% used [0x00000000ddd00000,0x00000000e98f8000,0x00000000eb680000)
  to   space 222720K, 0% used [0x00000000ed980000,0x00000000ed980000,0x00000000fb300000)
 ParOldGen       total 737280K, used 610045K [0x0000000085800000, 0x00000000b2800000, 0x00000000d7300000)
  object space 737280K, 82% used [0x0000000085800000,0x00000000aabbf528,0x00000000b2800000)
 Metaspace       used 4444K, capacity 5094K, committed 5248K, reserved 1056768K
  class space    used 502K, capacity 531K, committed 640K, reserved 1048576K
Event: 118.844 GC heap after
Heap after GC invocations=16 (full 4):
 PSYoungGen      total 359936K, used 217376K [0x00000000d7300000, 0x00000000faf80000, 0x0000000100000000)
  eden space 140800K, 0% used [0x00000000d7300000,0x00000000d7300000,0x00000000dfc80000)
  from space 219136K, 99% used [0x00000000ed980000,0x00000000fadc8000,0x00000000faf80000)
  to   space 222720K, 0% used [0x00000000dfc80000,0x00000000dfc80000,0x00000000ed600000)
 ParOldGen       total 737280K, used 694085K [0x0000000085800000, 0x00000000b2800000, 0x00000000d7300000)
  object space 737280K, 94% used [0x0000000085800000,0x00000000afdd1528,0x00000000b2800000)
 Metaspace       used 4444K, capacity 5094K, committed 5248K, reserved 1056768K
  class space    used 502K, capacity 531K, committed 640K, reserved 1048576K
}
Event: 118.844 GC heap before
{Heap before GC invocations=17 (full 5):
 PSYoungGen      total 359936K, used 217376K [0x00000000d7300000, 0x00000000faf80000, 0x0000000100000000)
  eden space 140800K, 0% used [0x00000000d7300000,0x00000000d7300000,0x00000000dfc80000)
  from space 219136K, 99% used [0x00000000ed980000,0x00000000fadc8000,0x00000000faf80000)
  to   space 222720K, 0% used [0x00000000dfc80000,0x00000000dfc80000,0x00000000ed600000)
 ParOldGen       total 737280K, used 694085K [0x0000000085800000, 0x00000000b2800000, 0x00000000d7300000)
  object space 737280K, 94% used [0x0000000085800000,0x00000000afdd1528,0x00000000b2800000)
 Metaspace       used 4444K, capacity 5094K, committed 5248K, reserved 1056768K
  class space    used 502K, capacity 531K, committed 640K, reserved 1048576K

